23:49:52 Worker rq:worker:5352dd7d9a2e49d8952b9a5515426aa7: started, version 1.3.0
23:49:52 *** Listening on default...
23:49:52 Cleaning registries for queue: default
23:49:53 Warm shut down requested
23:49:56 Worker rq:worker:2fa90fdb79a546e2b5293a30c2b1e190: started, version 1.3.0
23:49:56 *** Listening on default...
23:52:24 default: jobs.admin('http://127.0.0.1:8080/files/2238929.txt') (cd46ce79-d3e8-4508-bfef-5f5ead3d2a10)
[INFO] rendered page: http://127.0.0.1:8080/files/2238929.txt
23:52:28 default: Job OK (cd46ce79-d3e8-4508-bfef-5f5ead3d2a10)
23:52:28 Result is kept for 500 seconds
00:05:58 Cleaning registries for queue: default
00:26:14 Cleaning registries for queue: default
00:46:29 Cleaning registries for queue: default
01:06:44 Cleaning registries for queue: default
01:27:00 Cleaning registries for queue: default
01:47:15 Cleaning registries for queue: default
02:07:30 Cleaning registries for queue: default
02:27:46 Cleaning registries for queue: default
02:48:01 Cleaning registries for queue: default
03:08:16 Cleaning registries for queue: default
03:28:31 Cleaning registries for queue: default
03:48:47 Cleaning registries for queue: default
04:09:02 Cleaning registries for queue: default
04:29:17 Cleaning registries for queue: default
04:49:32 Cleaning registries for queue: default
05:09:47 Cleaning registries for queue: default
15:17:58 Cleaning registries for queue: default
15:38:13 Cleaning registries for queue: default
15:58:28 Cleaning registries for queue: default
16:18:43 Cleaning registries for queue: default
16:38:59 Cleaning registries for queue: default
16:59:14 Cleaning registries for queue: default
17:19:30 Cleaning registries for queue: default
17:39:45 Cleaning registries for queue: default
18:00:00 Cleaning registries for queue: default
18:20:15 Cleaning registries for queue: default
18:40:31 Cleaning registries for queue: default
19:00:46 Cleaning registries for queue: default
19:21:01 Cleaning registries for queue: default
19:41:17 Cleaning registries for queue: default
20:01:32 Cleaning registries for queue: default
22:17:34 Cleaning registries for queue: default
01:26:53 Cleaning registries for queue: default
01:47:08 Cleaning registries for queue: default
02:07:23 Cleaning registries for queue: default
17:22:14 Cleaning registries for queue: default
17:42:30 Cleaning registries for queue: default
18:02:45 Cleaning registries for queue: default
18:23:01 Cleaning registries for queue: default
18:43:16 Cleaning registries for queue: default
19:03:32 Cleaning registries for queue: default
19:23:47 Cleaning registries for queue: default
19:44:03 Cleaning registries for queue: default
20:04:18 Cleaning registries for queue: default
20:24:33 Cleaning registries for queue: default
20:44:48 Cleaning registries for queue: default
21:05:03 Cleaning registries for queue: default
21:25:19 Cleaning registries for queue: default
21:45:34 Cleaning registries for queue: default
22:05:49 Cleaning registries for queue: default
22:26:05 Cleaning registries for queue: default
22:46:20 Cleaning registries for queue: default
23:06:35 Cleaning registries for queue: default
23:26:51 Cleaning registries for queue: default
23:47:06 Cleaning registries for queue: default
00:07:21 Cleaning registries for queue: default
00:27:36 Cleaning registries for queue: default
00:47:51 Cleaning registries for queue: default
01:08:07 Cleaning registries for queue: default
01:28:22 Cleaning registries for queue: default
01:48:37 Cleaning registries for queue: default
02:08:52 Cleaning registries for queue: default
02:29:07 Cleaning registries for queue: default
02:49:22 Cleaning registries for queue: default
03:09:38 Cleaning registries for queue: default
03:29:53 Cleaning registries for queue: default
03:50:08 Cleaning registries for queue: default
04:10:24 Cleaning registries for queue: default
04:30:39 Cleaning registries for queue: default
04:50:54 Cleaning registries for queue: default
05:11:10 Cleaning registries for queue: default
05:31:25 Cleaning registries for queue: default
05:51:40 Cleaning registries for queue: default
14:03:17 Cleaning registries for queue: default
14:23:33 Cleaning registries for queue: default
14:43:48 Cleaning registries for queue: default
15:04:04 Cleaning registries for queue: default
15:24:19 Cleaning registries for queue: default
15:53:25 Cleaning registries for queue: default
16:13:40 Cleaning registries for queue: default
16:33:55 Cleaning registries for queue: default
16:54:10 Cleaning registries for queue: default
17:51:00 Cleaning registries for queue: default
19:51:50 Cleaning registries for queue: default
21:52:40 Cleaning registries for queue: default
23:53:59 Cleaning registries for queue: default
01:12:15 Cleaning registries for queue: default
03:13:08 Cleaning registries for queue: default
03:55:18 Cleaning registries for queue: default
12:42:42 Cleaning registries for queue: default
13:02:57 Cleaning registries for queue: default
13:54:57 Cleaning registries for queue: default
14:15:12 Cleaning registries for queue: default
18:11:47 Cleaning registries for queue: default
18:32:02 Cleaning registries for queue: default
18:52:18 Cleaning registries for queue: default
19:12:33 Cleaning registries for queue: default
19:32:48 Cleaning registries for queue: default
19:53:04 Cleaning registries for queue: default
21:36:48 Cleaning registries for queue: default
22:12:27 Cleaning registries for queue: default
